  BOID.cpp
C:\Users\dawid\Documents\GitHub\BOID\BOID\SpriteRenderer.cpp(101,61): warning C4244: "argument": konwersja z "int" do "float", możliwa utrata danych
C:\Users\dawid\Documents\GitHub\BOID\BOID\SpriteRenderer.cpp(101,57): warning C4244: "argument": konwersja z "int" do "float", możliwa utrata danych
C:\Users\dawid\Documents\GitHub\BOID\BOID\SpriteRenderer.cpp(135,21): warning C4838: konwersja z „float” do „int” wymaga konwersji zawężającej
C:\Users\dawid\Documents\GitHub\BOID\BOID\SpriteRenderer.cpp(135,21): warning C4244: "inicjowanie": konwersja z "float" do "int", możliwa utrata danych
C:\Users\dawid\Documents\GitHub\BOID\BOID\SpriteRenderer.cpp(135,50): warning C4838: konwersja z „float” do „int” wymaga konwersji zawężającej
C:\Users\dawid\Documents\GitHub\BOID\BOID\SpriteRenderer.cpp(135,50): warning C4244: "inicjowanie": konwersja z "float" do "int", możliwa utrata danych
C:\Users\dawid\Documents\GitHub\BOID\BOID\SpriteRenderer.cpp(135,95): warning C4838: konwersja z „float” do „int” wymaga konwersji zawężającej
C:\Users\dawid\Documents\GitHub\BOID\BOID\SpriteRenderer.cpp(135,95): warning C4244: "inicjowanie": konwersja z "float" do "int", możliwa utrata danych
C:\Users\dawid\Documents\GitHub\BOID\BOID\SpriteRenderer.cpp(135,125): warning C4838: konwersja z „float” do „int” wymaga konwersji zawężającej
C:\Users\dawid\Documents\GitHub\BOID\BOID\SpriteRenderer.cpp(135,125): warning C4244: "inicjowanie": konwersja z "float" do "int", możliwa utrata danych
C:\Users\dawid\Documents\GitHub\BOID\BOID\SpriteRenderer.cpp(167,21): warning C4838: konwersja z „float” do „int” wymaga konwersji zawężającej
C:\Users\dawid\Documents\GitHub\BOID\BOID\SpriteRenderer.cpp(167,21): warning C4244: "inicjowanie": konwersja z "float" do "int", możliwa utrata danych
C:\Users\dawid\Documents\GitHub\BOID\BOID\SpriteRenderer.cpp(167,50): warning C4838: konwersja z „float” do „int” wymaga konwersji zawężającej
C:\Users\dawid\Documents\GitHub\BOID\BOID\SpriteRenderer.cpp(167,50): warning C4244: "inicjowanie": konwersja z "float" do "int", możliwa utrata danych
C:\Users\dawid\Documents\GitHub\BOID\BOID\SpriteRenderer.cpp(167,95): warning C4838: konwersja z „float” do „int” wymaga konwersji zawężającej
C:\Users\dawid\Documents\GitHub\BOID\BOID\SpriteRenderer.cpp(167,95): warning C4244: "inicjowanie": konwersja z "float" do "int", możliwa utrata danych
C:\Users\dawid\Documents\GitHub\BOID\BOID\SpriteRenderer.cpp(167,125): warning C4838: konwersja z „float” do „int” wymaga konwersji zawężającej
C:\Users\dawid\Documents\GitHub\BOID\BOID\SpriteRenderer.cpp(167,125): warning C4244: "inicjowanie": konwersja z "float" do "int", możliwa utrata danych
C:\Users\dawid\Documents\GitHub\BOID\BOID\TextRenderer.cpp(44,15): warning C4838: konwersja z „float” do „int” wymaga konwersji zawężającej
C:\Users\dawid\Documents\GitHub\BOID\BOID\TextRenderer.cpp(44,15): warning C4244: "inicjowanie": konwersja z "float" do "int", możliwa utrata danych
C:\Users\dawid\Documents\GitHub\BOID\BOID\TextRenderer.cpp(44,44): warning C4838: konwersja z „float” do „int” wymaga konwersji zawężającej
C:\Users\dawid\Documents\GitHub\BOID\BOID\TextRenderer.cpp(44,44): warning C4244: "inicjowanie": konwersja z "float" do "int", możliwa utrata danych
C:\Users\dawid\Documents\GitHub\BOID\BOID\TextRenderer.cpp(44,64): warning C4838: konwersja z „float” do „int” wymaga konwersji zawężającej
C:\Users\dawid\Documents\GitHub\BOID\BOID\TextRenderer.cpp(44,64): warning C4244: "inicjowanie": konwersja z "float" do "int", możliwa utrata danych
C:\Users\dawid\Documents\GitHub\BOID\BOID\TextRenderer.cpp(45,21): warning C4838: konwersja z „float” do „int” wymaga konwersji zawężającej
C:\Users\dawid\Documents\GitHub\BOID\BOID\TextRenderer.cpp(45,21): warning C4244: "inicjowanie": konwersja z "float" do "int", możliwa utrata danych
C:\Users\dawid\Documents\GitHub\BOID\BOID\TextRenderer.cpp(58,12): warning C4838: konwersja z „float” do „int” wymaga konwersji zawężającej
C:\Users\dawid\Documents\GitHub\BOID\BOID\TextRenderer.cpp(58,12): warning C4244: "inicjowanie": konwersja z "float" do "int", możliwa utrata danych
C:\Users\dawid\Documents\GitHub\BOID\BOID\TextRenderer.cpp(58,26): warning C4838: konwersja z „float” do „int” wymaga konwersji zawężającej
C:\Users\dawid\Documents\GitHub\BOID\BOID\TextRenderer.cpp(58,26): warning C4244: "inicjowanie": konwersja z "float" do "int", możliwa utrata danych
C:\Users\dawid\Documents\GitHub\BOID\BOID\TextRenderer.cpp(58,74): warning C4838: konwersja z „float” do „int” wymaga konwersji zawężającej
C:\Users\dawid\Documents\GitHub\BOID\BOID\TextRenderer.cpp(58,74): warning C4244: "inicjowanie": konwersja z "float" do "int", możliwa utrata danych
C:\Users\dawid\Documents\GitHub\BOID\BOID\TextRenderer.cpp(59,25): warning C4838: konwersja z „float” do „int” wymaga konwersji zawężającej
C:\Users\dawid\Documents\GitHub\BOID\BOID\TextRenderer.cpp(59,25): warning C4244: "inicjowanie": konwersja z "float" do "int", możliwa utrata danych
C:\Users\dawid\Documents\GitHub\BOID\BOID\BOID.cpp(48,17): warning C4244: "=": konwersja z "int" do "float", możliwa utrata danych
C:\Users\dawid\Documents\GitHub\BOID\BOID\BOID.cpp(54,118): warning C4244: "argument": konwersja z "float" do "int", możliwa utrata danych
C:\Users\dawid\Documents\GitHub\BOID\BOID\BOID.cpp(63,9): warning C4244: "inicjowanie": konwersja z "float" do "int", możliwa utrata danych
C:\Users\dawid\Documents\GitHub\BOID\BOID\BOID.cpp(74,1): warning C4244: "+=": konwersja z "float" do "int", możliwa utrata danych
C:\Users\dawid\Documents\GitHub\BOID\BOID\BOID.cpp(78,1): warning C4305: "argument": obcięcie z "double" do "const float"
C:\Users\dawid\Documents\GitHub\BOID\BOID\BOID.cpp(83,13): warning C4244: "argument": konwersja z "int" do "const float", możliwa utrata danych
C:\Users\dawid\Documents\GitHub\BOID\BOID\BOID.cpp(84,14): warning C4244: "argument": konwersja z "int" do "const float", możliwa utrata danych
C:\Users\dawid\Documents\GitHub\BOID\BOID\BOID.cpp(98,1): warning C4305: "argument": obcięcie z "double" do "const float"
C:\Users\dawid\Documents\GitHub\BOID\BOID\BOID.cpp(144,80): warning C4244: "argument": konwersja z "float" do "int", możliwa utrata danych
  Engine.cpp
C:\Users\dawid\Documents\GitHub\BOID\BOID\SpriteRenderer.cpp(101,61): warning C4244: "argument": konwersja z "int" do "float", możliwa utrata danych
C:\Users\dawid\Documents\GitHub\BOID\BOID\SpriteRenderer.cpp(101,57): warning C4244: "argument": konwersja z "int" do "float", możliwa utrata danych
C:\Users\dawid\Documents\GitHub\BOID\BOID\SpriteRenderer.cpp(135,21): warning C4838: konwersja z „float” do „int” wymaga konwersji zawężającej
C:\Users\dawid\Documents\GitHub\BOID\BOID\SpriteRenderer.cpp(135,21): warning C4244: "inicjowanie": konwersja z "float" do "int", możliwa utrata danych
C:\Users\dawid\Documents\GitHub\BOID\BOID\SpriteRenderer.cpp(135,50): warning C4838: konwersja z „float” do „int” wymaga konwersji zawężającej
C:\Users\dawid\Documents\GitHub\BOID\BOID\SpriteRenderer.cpp(135,50): warning C4244: "inicjowanie": konwersja z "float" do "int", możliwa utrata danych
C:\Users\dawid\Documents\GitHub\BOID\BOID\SpriteRenderer.cpp(135,95): warning C4838: konwersja z „float” do „int” wymaga konwersji zawężającej
C:\Users\dawid\Documents\GitHub\BOID\BOID\SpriteRenderer.cpp(135,95): warning C4244: "inicjowanie": konwersja z "float" do "int", możliwa utrata danych
C:\Users\dawid\Documents\GitHub\BOID\BOID\SpriteRenderer.cpp(135,125): warning C4838: konwersja z „float” do „int” wymaga konwersji zawężającej
C:\Users\dawid\Documents\GitHub\BOID\BOID\SpriteRenderer.cpp(135,125): warning C4244: "inicjowanie": konwersja z "float" do "int", możliwa utrata danych
C:\Users\dawid\Documents\GitHub\BOID\BOID\SpriteRenderer.cpp(167,21): warning C4838: konwersja z „float” do „int” wymaga konwersji zawężającej
C:\Users\dawid\Documents\GitHub\BOID\BOID\SpriteRenderer.cpp(167,21): warning C4244: "inicjowanie": konwersja z "float" do "int", możliwa utrata danych
C:\Users\dawid\Documents\GitHub\BOID\BOID\SpriteRenderer.cpp(167,50): warning C4838: konwersja z „float” do „int” wymaga konwersji zawężającej
C:\Users\dawid\Documents\GitHub\BOID\BOID\SpriteRenderer.cpp(167,50): warning C4244: "inicjowanie": konwersja z "float" do "int", możliwa utrata danych
C:\Users\dawid\Documents\GitHub\BOID\BOID\SpriteRenderer.cpp(167,95): warning C4838: konwersja z „float” do „int” wymaga konwersji zawężającej
C:\Users\dawid\Documents\GitHub\BOID\BOID\SpriteRenderer.cpp(167,95): warning C4244: "inicjowanie": konwersja z "float" do "int", możliwa utrata danych
C:\Users\dawid\Documents\GitHub\BOID\BOID\SpriteRenderer.cpp(167,125): warning C4838: konwersja z „float” do „int” wymaga konwersji zawężającej
C:\Users\dawid\Documents\GitHub\BOID\BOID\SpriteRenderer.cpp(167,125): warning C4244: "inicjowanie": konwersja z "float" do "int", możliwa utrata danych
C:\Users\dawid\Documents\GitHub\BOID\BOID\GUI.cpp(31,15): warning C4244: "=": konwersja z "double" do "float", możliwa utrata danych
C:\Users\dawid\Documents\GitHub\BOID\BOID\GUI.cpp(32,15): warning C4244: "=": konwersja z "double" do "float", możliwa utrata danych
C:\Users\dawid\Documents\GitHub\BOID\BOID\GUI.cpp(71,57): warning C4244: "argument": konwersja z "float" do "Uint8", możliwa utrata danych
C:\Users\dawid\Documents\GitHub\BOID\BOID\GUI.cpp(79,54): warning C4244: "argument": konwersja z "float" do "Uint8", możliwa utrata danych
C:\Users\dawid\Documents\GitHub\BOID\BOID\TextRenderer.cpp(44,15): warning C4838: konwersja z „float” do „int” wymaga konwersji zawężającej
C:\Users\dawid\Documents\GitHub\BOID\BOID\TextRenderer.cpp(44,15): warning C4244: "inicjowanie": konwersja z "float" do "int", możliwa utrata danych
C:\Users\dawid\Documents\GitHub\BOID\BOID\TextRenderer.cpp(44,44): warning C4838: konwersja z „float” do „int” wymaga konwersji zawężającej
C:\Users\dawid\Documents\GitHub\BOID\BOID\TextRenderer.cpp(44,44): warning C4244: "inicjowanie": konwersja z "float" do "int", możliwa utrata danych
C:\Users\dawid\Documents\GitHub\BOID\BOID\TextRenderer.cpp(44,64): warning C4838: konwersja z „float” do „int” wymaga konwersji zawężającej
C:\Users\dawid\Documents\GitHub\BOID\BOID\TextRenderer.cpp(44,64): warning C4244: "inicjowanie": konwersja z "float" do "int", możliwa utrata danych
C:\Users\dawid\Documents\GitHub\BOID\BOID\TextRenderer.cpp(45,21): warning C4838: konwersja z „float” do „int” wymaga konwersji zawężającej
C:\Users\dawid\Documents\GitHub\BOID\BOID\TextRenderer.cpp(45,21): warning C4244: "inicjowanie": konwersja z "float" do "int", możliwa utrata danych
C:\Users\dawid\Documents\GitHub\BOID\BOID\TextRenderer.cpp(58,12): warning C4838: konwersja z „float” do „int” wymaga konwersji zawężającej
C:\Users\dawid\Documents\GitHub\BOID\BOID\TextRenderer.cpp(58,12): warning C4244: "inicjowanie": konwersja z "float" do "int", możliwa utrata danych
C:\Users\dawid\Documents\GitHub\BOID\BOID\TextRenderer.cpp(58,26): warning C4838: konwersja z „float” do „int” wymaga konwersji zawężającej
C:\Users\dawid\Documents\GitHub\BOID\BOID\TextRenderer.cpp(58,26): warning C4244: "inicjowanie": konwersja z "float" do "int", możliwa utrata danych
C:\Users\dawid\Documents\GitHub\BOID\BOID\TextRenderer.cpp(58,74): warning C4838: konwersja z „float” do „int” wymaga konwersji zawężającej
C:\Users\dawid\Documents\GitHub\BOID\BOID\TextRenderer.cpp(58,74): warning C4244: "inicjowanie": konwersja z "float" do "int", możliwa utrata danych
C:\Users\dawid\Documents\GitHub\BOID\BOID\TextRenderer.cpp(59,25): warning C4838: konwersja z „float” do „int” wymaga konwersji zawężającej
C:\Users\dawid\Documents\GitHub\BOID\BOID\TextRenderer.cpp(59,25): warning C4244: "inicjowanie": konwersja z "float" do "int", możliwa utrata danych
C:\Users\dawid\Documents\GitHub\BOID\BOID\BOID.cpp(48,17): warning C4244: "=": konwersja z "int" do "float", możliwa utrata danych
C:\Users\dawid\Documents\GitHub\BOID\BOID\BOID.cpp(54,118): warning C4244: "argument": konwersja z "float" do "int", możliwa utrata danych
C:\Users\dawid\Documents\GitHub\BOID\BOID\BOID.cpp(63,9): warning C4244: "inicjowanie": konwersja z "float" do "int", możliwa utrata danych
C:\Users\dawid\Documents\GitHub\BOID\BOID\BOID.cpp(74,1): warning C4244: "+=": konwersja z "float" do "int", możliwa utrata danych
C:\Users\dawid\Documents\GitHub\BOID\BOID\BOID.cpp(78,1): warning C4305: "argument": obcięcie z "double" do "const float"
C:\Users\dawid\Documents\GitHub\BOID\BOID\BOID.cpp(83,13): warning C4244: "argument": konwersja z "int" do "const float", możliwa utrata danych
C:\Users\dawid\Documents\GitHub\BOID\BOID\BOID.cpp(84,14): warning C4244: "argument": konwersja z "int" do "const float", możliwa utrata danych
C:\Users\dawid\Documents\GitHub\BOID\BOID\BOID.cpp(98,1): warning C4305: "argument": obcięcie z "double" do "const float"
C:\Users\dawid\Documents\GitHub\BOID\BOID\BOID.cpp(144,80): warning C4244: "argument": konwersja z "float" do "int", możliwa utrata danych
C:\Users\dawid\Documents\GitHub\BOID\BOID\Scarecrow.cpp(33,15): warning C4244: "=": konwersja z "double" do "float", możliwa utrata danych
C:\Users\dawid\Documents\GitHub\BOID\BOID\Scarecrow.cpp(34,15): warning C4244: "=": konwersja z "double" do "float", możliwa utrata danych
C:\Users\dawid\Documents\GitHub\BOID\BOID\Scarecrow.cpp(94,61): warning C4244: "argument": konwersja z "float" do "int", możliwa utrata danych
C:\Users\dawid\Documents\GitHub\BOID\BOID\Scarecrow.cpp(99,61): warning C4244: "argument": konwersja z "float" do "int", możliwa utrata danych
C:\Users\dawid\Documents\GitHub\BOID\BOID\Scarecrow.cpp(104,61): warning C4244: "argument": konwersja z "float" do "int", możliwa utrata danych
C:\Users\dawid\Documents\GitHub\BOID\BOID\Engine.cpp(177,58): warning C4244: "argument": konwersja z "double" do "float", możliwa utrata danych
  GUI.cpp
C:\Users\dawid\Documents\GitHub\BOID\BOID\SpriteRenderer.cpp(101,61): warning C4244: "argument": konwersja z "int" do "float", możliwa utrata danych
C:\Users\dawid\Documents\GitHub\BOID\BOID\SpriteRenderer.cpp(101,57): warning C4244: "argument": konwersja z "int" do "float", możliwa utrata danych
C:\Users\dawid\Documents\GitHub\BOID\BOID\SpriteRenderer.cpp(135,21): warning C4838: konwersja z „float” do „int” wymaga konwersji zawężającej
C:\Users\dawid\Documents\GitHub\BOID\BOID\SpriteRenderer.cpp(135,21): warning C4244: "inicjowanie": konwersja z "float" do "int", możliwa utrata danych
C:\Users\dawid\Documents\GitHub\BOID\BOID\SpriteRenderer.cpp(135,50): warning C4838: konwersja z „float” do „int” wymaga konwersji zawężającej
C:\Users\dawid\Documents\GitHub\BOID\BOID\SpriteRenderer.cpp(135,50): warning C4244: "inicjowanie": konwersja z "float" do "int", możliwa utrata danych
C:\Users\dawid\Documents\GitHub\BOID\BOID\SpriteRenderer.cpp(135,95): warning C4838: konwersja z „float” do „int” wymaga konwersji zawężającej
C:\Users\dawid\Documents\GitHub\BOID\BOID\SpriteRenderer.cpp(135,95): warning C4244: "inicjowanie": konwersja z "float" do "int", możliwa utrata danych
C:\Users\dawid\Documents\GitHub\BOID\BOID\SpriteRenderer.cpp(135,125): warning C4838: konwersja z „float” do „int” wymaga konwersji zawężającej
C:\Users\dawid\Documents\GitHub\BOID\BOID\SpriteRenderer.cpp(135,125): warning C4244: "inicjowanie": konwersja z "float" do "int", możliwa utrata danych
C:\Users\dawid\Documents\GitHub\BOID\BOID\SpriteRenderer.cpp(167,21): warning C4838: konwersja z „float” do „int” wymaga konwersji zawężającej
C:\Users\dawid\Documents\GitHub\BOID\BOID\SpriteRenderer.cpp(167,21): warning C4244: "inicjowanie": konwersja z "float" do "int", możliwa utrata danych
C:\Users\dawid\Documents\GitHub\BOID\BOID\SpriteRenderer.cpp(167,50): warning C4838: konwersja z „float” do „int” wymaga konwersji zawężającej
C:\Users\dawid\Documents\GitHub\BOID\BOID\SpriteRenderer.cpp(167,50): warning C4244: "inicjowanie": konwersja z "float" do "int", możliwa utrata danych
C:\Users\dawid\Documents\GitHub\BOID\BOID\SpriteRenderer.cpp(167,95): warning C4838: konwersja z „float” do „int” wymaga konwersji zawężającej
C:\Users\dawid\Documents\GitHub\BOID\BOID\SpriteRenderer.cpp(167,95): warning C4244: "inicjowanie": konwersja z "float" do "int", możliwa utrata danych
C:\Users\dawid\Documents\GitHub\BOID\BOID\SpriteRenderer.cpp(167,125): warning C4838: konwersja z „float” do „int” wymaga konwersji zawężającej
C:\Users\dawid\Documents\GitHub\BOID\BOID\SpriteRenderer.cpp(167,125): warning C4244: "inicjowanie": konwersja z "float" do "int", możliwa utrata danych
C:\Users\dawid\Documents\GitHub\BOID\BOID\GUI.cpp(31,15): warning C4244: "=": konwersja z "double" do "float", możliwa utrata danych
C:\Users\dawid\Documents\GitHub\BOID\BOID\GUI.cpp(32,15): warning C4244: "=": konwersja z "double" do "float", możliwa utrata danych
C:\Users\dawid\Documents\GitHub\BOID\BOID\GUI.cpp(71,57): warning C4244: "argument": konwersja z "float" do "Uint8", możliwa utrata danych
C:\Users\dawid\Documents\GitHub\BOID\BOID\GUI.cpp(79,54): warning C4244: "argument": konwersja z "float" do "Uint8", możliwa utrata danych
  ScareCrow.cpp
C:\Users\dawid\Documents\GitHub\BOID\BOID\SpriteRenderer.cpp(101,61): warning C4244: "argument": konwersja z "int" do "float", możliwa utrata danych
C:\Users\dawid\Documents\GitHub\BOID\BOID\SpriteRenderer.cpp(101,57): warning C4244: "argument": konwersja z "int" do "float", możliwa utrata danych
C:\Users\dawid\Documents\GitHub\BOID\BOID\SpriteRenderer.cpp(135,21): warning C4838: konwersja z „float” do „int” wymaga konwersji zawężającej
C:\Users\dawid\Documents\GitHub\BOID\BOID\SpriteRenderer.cpp(135,21): warning C4244: "inicjowanie": konwersja z "float" do "int", możliwa utrata danych
C:\Users\dawid\Documents\GitHub\BOID\BOID\SpriteRenderer.cpp(135,50): warning C4838: konwersja z „float” do „int” wymaga konwersji zawężającej
C:\Users\dawid\Documents\GitHub\BOID\BOID\SpriteRenderer.cpp(135,50): warning C4244: "inicjowanie": konwersja z "float" do "int", możliwa utrata danych
C:\Users\dawid\Documents\GitHub\BOID\BOID\SpriteRenderer.cpp(135,95): warning C4838: konwersja z „float” do „int” wymaga konwersji zawężającej
C:\Users\dawid\Documents\GitHub\BOID\BOID\SpriteRenderer.cpp(135,95): warning C4244: "inicjowanie": konwersja z "float" do "int", możliwa utrata danych
C:\Users\dawid\Documents\GitHub\BOID\BOID\SpriteRenderer.cpp(135,125): warning C4838: konwersja z „float” do „int” wymaga konwersji zawężającej
C:\Users\dawid\Documents\GitHub\BOID\BOID\SpriteRenderer.cpp(135,125): warning C4244: "inicjowanie": konwersja z "float" do "int", możliwa utrata danych
C:\Users\dawid\Documents\GitHub\BOID\BOID\SpriteRenderer.cpp(167,21): warning C4838: konwersja z „float” do „int” wymaga konwersji zawężającej
C:\Users\dawid\Documents\GitHub\BOID\BOID\SpriteRenderer.cpp(167,21): warning C4244: "inicjowanie": konwersja z "float" do "int", możliwa utrata danych
C:\Users\dawid\Documents\GitHub\BOID\BOID\SpriteRenderer.cpp(167,50): warning C4838: konwersja z „float” do „int” wymaga konwersji zawężającej
C:\Users\dawid\Documents\GitHub\BOID\BOID\SpriteRenderer.cpp(167,50): warning C4244: "inicjowanie": konwersja z "float" do "int", możliwa utrata danych
C:\Users\dawid\Documents\GitHub\BOID\BOID\SpriteRenderer.cpp(167,95): warning C4838: konwersja z „float” do „int” wymaga konwersji zawężającej
C:\Users\dawid\Documents\GitHub\BOID\BOID\SpriteRenderer.cpp(167,95): warning C4244: "inicjowanie": konwersja z "float" do "int", możliwa utrata danych
C:\Users\dawid\Documents\GitHub\BOID\BOID\SpriteRenderer.cpp(167,125): warning C4838: konwersja z „float” do „int” wymaga konwersji zawężającej
C:\Users\dawid\Documents\GitHub\BOID\BOID\SpriteRenderer.cpp(167,125): warning C4244: "inicjowanie": konwersja z "float" do "int", możliwa utrata danych
C:\Users\dawid\Documents\GitHub\BOID\BOID\TextRenderer.cpp(44,15): warning C4838: konwersja z „float” do „int” wymaga konwersji zawężającej
C:\Users\dawid\Documents\GitHub\BOID\BOID\TextRenderer.cpp(44,15): warning C4244: "inicjowanie": konwersja z "float" do "int", możliwa utrata danych
C:\Users\dawid\Documents\GitHub\BOID\BOID\TextRenderer.cpp(44,44): warning C4838: konwersja z „float” do „int” wymaga konwersji zawężającej
C:\Users\dawid\Documents\GitHub\BOID\BOID\TextRenderer.cpp(44,44): warning C4244: "inicjowanie": konwersja z "float" do "int", możliwa utrata danych
C:\Users\dawid\Documents\GitHub\BOID\BOID\TextRenderer.cpp(44,64): warning C4838: konwersja z „float” do „int” wymaga konwersji zawężającej
C:\Users\dawid\Documents\GitHub\BOID\BOID\TextRenderer.cpp(44,64): warning C4244: "inicjowanie": konwersja z "float" do "int", możliwa utrata danych
C:\Users\dawid\Documents\GitHub\BOID\BOID\TextRenderer.cpp(45,21): warning C4838: konwersja z „float” do „int” wymaga konwersji zawężającej
C:\Users\dawid\Documents\GitHub\BOID\BOID\TextRenderer.cpp(45,21): warning C4244: "inicjowanie": konwersja z "float" do "int", możliwa utrata danych
C:\Users\dawid\Documents\GitHub\BOID\BOID\TextRenderer.cpp(58,12): warning C4838: konwersja z „float” do „int” wymaga konwersji zawężającej
C:\Users\dawid\Documents\GitHub\BOID\BOID\TextRenderer.cpp(58,12): warning C4244: "inicjowanie": konwersja z "float" do "int", możliwa utrata danych
C:\Users\dawid\Documents\GitHub\BOID\BOID\TextRenderer.cpp(58,26): warning C4838: konwersja z „float” do „int” wymaga konwersji zawężającej
C:\Users\dawid\Documents\GitHub\BOID\BOID\TextRenderer.cpp(58,26): warning C4244: "inicjowanie": konwersja z "float" do "int", możliwa utrata danych
C:\Users\dawid\Documents\GitHub\BOID\BOID\TextRenderer.cpp(58,74): warning C4838: konwersja z „float” do „int” wymaga konwersji zawężającej
C:\Users\dawid\Documents\GitHub\BOID\BOID\TextRenderer.cpp(58,74): warning C4244: "inicjowanie": konwersja z "float" do "int", możliwa utrata danych
C:\Users\dawid\Documents\GitHub\BOID\BOID\TextRenderer.cpp(59,25): warning C4838: konwersja z „float” do „int” wymaga konwersji zawężającej
C:\Users\dawid\Documents\GitHub\BOID\BOID\TextRenderer.cpp(59,25): warning C4244: "inicjowanie": konwersja z "float" do "int", możliwa utrata danych
C:\Users\dawid\Documents\GitHub\BOID\BOID\BOID.cpp(48,17): warning C4244: "=": konwersja z "int" do "float", możliwa utrata danych
C:\Users\dawid\Documents\GitHub\BOID\BOID\BOID.cpp(54,118): warning C4244: "argument": konwersja z "float" do "int", możliwa utrata danych
C:\Users\dawid\Documents\GitHub\BOID\BOID\BOID.cpp(63,9): warning C4244: "inicjowanie": konwersja z "float" do "int", możliwa utrata danych
C:\Users\dawid\Documents\GitHub\BOID\BOID\BOID.cpp(74,1): warning C4244: "+=": konwersja z "float" do "int", możliwa utrata danych
C:\Users\dawid\Documents\GitHub\BOID\BOID\BOID.cpp(78,1): warning C4305: "argument": obcięcie z "double" do "const float"
C:\Users\dawid\Documents\GitHub\BOID\BOID\BOID.cpp(83,13): warning C4244: "argument": konwersja z "int" do "const float", możliwa utrata danych
C:\Users\dawid\Documents\GitHub\BOID\BOID\BOID.cpp(84,14): warning C4244: "argument": konwersja z "int" do "const float", możliwa utrata danych
C:\Users\dawid\Documents\GitHub\BOID\BOID\BOID.cpp(98,1): warning C4305: "argument": obcięcie z "double" do "const float"
C:\Users\dawid\Documents\GitHub\BOID\BOID\BOID.cpp(144,80): warning C4244: "argument": konwersja z "float" do "int", możliwa utrata danych
C:\Users\dawid\Documents\GitHub\BOID\BOID\ScareCrow.cpp(33,15): warning C4244: "=": konwersja z "double" do "float", możliwa utrata danych
C:\Users\dawid\Documents\GitHub\BOID\BOID\ScareCrow.cpp(34,15): warning C4244: "=": konwersja z "double" do "float", możliwa utrata danych
C:\Users\dawid\Documents\GitHub\BOID\BOID\ScareCrow.cpp(94,61): warning C4244: "argument": konwersja z "float" do "int", możliwa utrata danych
C:\Users\dawid\Documents\GitHub\BOID\BOID\ScareCrow.cpp(99,61): warning C4244: "argument": konwersja z "float" do "int", możliwa utrata danych
C:\Users\dawid\Documents\GitHub\BOID\BOID\ScareCrow.cpp(104,61): warning C4244: "argument": konwersja z "float" do "int", możliwa utrata danych
  Vec2D.cpp
  Rect.cpp
  SpriteRenderer.cpp
C:\Users\dawid\Documents\GitHub\BOID\BOID\SpriteRenderer.cpp(101,61): warning C4244: "argument": konwersja z "int" do "float", możliwa utrata danych
C:\Users\dawid\Documents\GitHub\BOID\BOID\SpriteRenderer.cpp(101,57): warning C4244: "argument": konwersja z "int" do "float", możliwa utrata danych
C:\Users\dawid\Documents\GitHub\BOID\BOID\SpriteRenderer.cpp(135,21): warning C4838: konwersja z „float” do „int” wymaga konwersji zawężającej
C:\Users\dawid\Documents\GitHub\BOID\BOID\SpriteRenderer.cpp(135,21): warning C4244: "inicjowanie": konwersja z "float" do "int", możliwa utrata danych
C:\Users\dawid\Documents\GitHub\BOID\BOID\SpriteRenderer.cpp(135,50): warning C4838: konwersja z „float” do „int” wymaga konwersji zawężającej
C:\Users\dawid\Documents\GitHub\BOID\BOID\SpriteRenderer.cpp(135,50): warning C4244: "inicjowanie": konwersja z "float" do "int", możliwa utrata danych
C:\Users\dawid\Documents\GitHub\BOID\BOID\SpriteRenderer.cpp(135,95): warning C4838: konwersja z „float” do „int” wymaga konwersji zawężającej
C:\Users\dawid\Documents\GitHub\BOID\BOID\SpriteRenderer.cpp(135,95): warning C4244: "inicjowanie": konwersja z "float" do "int", możliwa utrata danych
C:\Users\dawid\Documents\GitHub\BOID\BOID\SpriteRenderer.cpp(135,125): warning C4838: konwersja z „float” do „int” wymaga konwersji zawężającej
C:\Users\dawid\Documents\GitHub\BOID\BOID\SpriteRenderer.cpp(135,125): warning C4244: "inicjowanie": konwersja z "float" do "int", możliwa utrata danych
C:\Users\dawid\Documents\GitHub\BOID\BOID\SpriteRenderer.cpp(167,21): warning C4838: konwersja z „float” do „int” wymaga konwersji zawężającej
C:\Users\dawid\Documents\GitHub\BOID\BOID\SpriteRenderer.cpp(167,21): warning C4244: "inicjowanie": konwersja z "float" do "int", możliwa utrata danych
C:\Users\dawid\Documents\GitHub\BOID\BOID\SpriteRenderer.cpp(167,50): warning C4838: konwersja z „float” do „int” wymaga konwersji zawężającej
C:\Users\dawid\Documents\GitHub\BOID\BOID\SpriteRenderer.cpp(167,50): warning C4244: "inicjowanie": konwersja z "float" do "int", możliwa utrata danych
C:\Users\dawid\Documents\GitHub\BOID\BOID\SpriteRenderer.cpp(167,95): warning C4838: konwersja z „float” do „int” wymaga konwersji zawężającej
C:\Users\dawid\Documents\GitHub\BOID\BOID\SpriteRenderer.cpp(167,95): warning C4244: "inicjowanie": konwersja z "float" do "int", możliwa utrata danych
C:\Users\dawid\Documents\GitHub\BOID\BOID\SpriteRenderer.cpp(167,125): warning C4838: konwersja z „float” do „int” wymaga konwersji zawężającej
C:\Users\dawid\Documents\GitHub\BOID\BOID\SpriteRenderer.cpp(167,125): warning C4244: "inicjowanie": konwersja z "float" do "int", możliwa utrata danych
  TextRenderer.cpp
C:\Users\dawid\Documents\GitHub\BOID\BOID\TextRenderer.cpp(44,15): warning C4838: konwersja z „float” do „int” wymaga konwersji zawężającej
C:\Users\dawid\Documents\GitHub\BOID\BOID\TextRenderer.cpp(44,15): warning C4244: "inicjowanie": konwersja z "float" do "int", możliwa utrata danych
C:\Users\dawid\Documents\GitHub\BOID\BOID\TextRenderer.cpp(44,44): warning C4838: konwersja z „float” do „int” wymaga konwersji zawężającej
C:\Users\dawid\Documents\GitHub\BOID\BOID\TextRenderer.cpp(44,44): warning C4244: "inicjowanie": konwersja z "float" do "int", możliwa utrata danych
C:\Users\dawid\Documents\GitHub\BOID\BOID\TextRenderer.cpp(44,64): warning C4838: konwersja z „float” do „int” wymaga konwersji zawężającej
C:\Users\dawid\Documents\GitHub\BOID\BOID\TextRenderer.cpp(44,64): warning C4244: "inicjowanie": konwersja z "float" do "int", możliwa utrata danych
C:\Users\dawid\Documents\GitHub\BOID\BOID\TextRenderer.cpp(45,21): warning C4838: konwersja z „float” do „int” wymaga konwersji zawężającej
C:\Users\dawid\Documents\GitHub\BOID\BOID\TextRenderer.cpp(45,21): warning C4244: "inicjowanie": konwersja z "float" do "int", możliwa utrata danych
C:\Users\dawid\Documents\GitHub\BOID\BOID\TextRenderer.cpp(58,12): warning C4838: konwersja z „float” do „int” wymaga konwersji zawężającej
C:\Users\dawid\Documents\GitHub\BOID\BOID\TextRenderer.cpp(58,12): warning C4244: "inicjowanie": konwersja z "float" do "int", możliwa utrata danych
C:\Users\dawid\Documents\GitHub\BOID\BOID\TextRenderer.cpp(58,26): warning C4838: konwersja z „float” do „int” wymaga konwersji zawężającej
C:\Users\dawid\Documents\GitHub\BOID\BOID\TextRenderer.cpp(58,26): warning C4244: "inicjowanie": konwersja z "float" do "int", możliwa utrata danych
C:\Users\dawid\Documents\GitHub\BOID\BOID\TextRenderer.cpp(58,74): warning C4838: konwersja z „float” do „int” wymaga konwersji zawężającej
C:\Users\dawid\Documents\GitHub\BOID\BOID\TextRenderer.cpp(58,74): warning C4244: "inicjowanie": konwersja z "float" do "int", możliwa utrata danych
C:\Users\dawid\Documents\GitHub\BOID\BOID\TextRenderer.cpp(59,25): warning C4838: konwersja z „float” do „int” wymaga konwersji zawężającej
C:\Users\dawid\Documents\GitHub\BOID\BOID\TextRenderer.cpp(59,25): warning C4244: "inicjowanie": konwersja z "float" do "int", możliwa utrata danych
  Generowanie kodu...
  BOID.vcxproj -> C:\Users\dawid\Documents\GitHub\BOID\Debug\BOID.exe
